<?xml version="1.0" encoding="UTF-8"?>
<!-- Generated by org.testng.reporters.JUnitReportReporter -->
<testsuite hostname="DESKTOP-64CO17K" failures="0" tests="2" name="org.test.BrowserLaunch" time="10.969" errors="0" timestamp="2023-08-02T21:50:06 IST" skipped="0">
  <testcase classname="org.test.BrowserLaunch" name="launchurl" time="10.009"/>
  <system-out/>
  <testcase classname="org.test.BrowserLaunch" name="searchanygoogle" time="0.960"/>
  <system-out/>
</testsuite> <!-- org.test.BrowserLaunch -->
