<?xml version="1.0" encoding="UTF-8"?>
<!-- Generated by org.testng.reporters.JUnitReportReporter -->
<testsuite hostname="DESKTOP-64CO17K" failures="0" tests="2" name="org.test.Sample" time="0.005" errors="0" timestamp="2023-08-02T21:50:06 IST" skipped="0">
  <testcase classname="org.test.Sample" name="logintest" time="0.001"/>
  <system-out/>
  <testcase classname="org.test.Sample" name="loginFailed" time="0.004"/>
  <system-out/>
</testsuite> <!-- org.test.Sample -->
